<?xml version="1.0" encoding="UTF-8"?>
<testng-results skipped="0" failed="0" ignored="0" total="1" passed="1">
  <reporter-output>
  </reporter-output>
  <suite name="Parallel tests" duration-ms="33" started-at="2018-03-09T07:22:47Z" finished-at="2018-03-09T07:22:47Z">
    <groups>
    </groups>
    <test name="Test One" duration-ms="33" started-at="2018-03-09T07:22:47Z" finished-at="2018-03-09T07:22:47Z">
      <class name="Demo.HelloWorldTest">
        <test-method status="PASS" signature="testHelloWorld1()[pri:0, instance:Demo.HelloWorldTest@2ff4f00f]" name="testHelloWorld1" duration-ms="8" started-at="2018-03-09T07:22:47Z" finished-at="2018-03-09T07:22:47Z">
          <reporter-output>
          </reporter-output>
        </test-method> <!-- testHelloWorld1 -->
      </class> <!-- Demo.HelloWorldTest -->
    </test> <!-- Test One -->
  </suite> <!-- Parallel tests -->
</testng-results>
