<?xml version="1.0" encoding="UTF-8"?>
<testng-results skipped="0" failed="0" ignored="0" total="1" passed="1">
  <reporter-output>
  </reporter-output>
  <suite name="Default suite" duration-ms="40" started-at="2018-03-09T07:16:29Z" finished-at="2018-03-09T07:16:29Z">
    <groups>
    </groups>
    <test name="Default test" duration-ms="40" started-at="2018-03-09T07:16:29Z" finished-at="2018-03-09T07:16:29Z">
      <class name="Demo.HelloWorldTest">
        <test-method status="PASS" signature="testHelloWorld1()[pri:0, instance:Demo.HelloWorldTest@4de8b406]" name="testHelloWorld1" duration-ms="17" started-at="2018-03-09T01:16:29Z" finished-at="2018-03-09T01:16:29Z">
          <reporter-output>
          </reporter-output>
        </test-method> <!-- testHelloWorld1 -->
      </class> <!-- Demo.HelloWorldTest -->
    </test> <!-- Default test -->
  </suite> <!-- Default suite -->
</testng-results>
