<?xml version="1.0" encoding="UTF-8"?>
<!-- Generated by org.testng.reporters.JUnitXMLReporter -->
<testsuite hostname="PLNLWB763E2E38.corp.intuit.net" ignored="0" name="Test One" tests="1" failures="1" timestamp="09 Mar 2018 09:04:02 GMT" time="0.051" errors="0">
  <testcase name="testHelloWorld1" time="0.012" classname="Demo.HelloWorldTest">
    <failure type="java.lang.AssertionError" message="expected [Hello World] but found [Hello World1]">
      <![CDATA[java.lang.AssertionError: expected [Hello World] but found [Hello World1]
at Demo.HelloWorldTest.testHelloWorld1(HelloWorldTest.java:11)
... Removed 40 stack frames]]>
    </failure>
  </testcase> <!-- testHelloWorld1 -->
</testsuite> <!-- Test One -->
